<?xml version="1.0" encoding="UTF-8"?>
<testng-results skipped="0" failed="0" ignored="0" total="1" passed="1">
  <reporter-output>
  </reporter-output>
  <suite name="Default suite" duration-ms="937" started-at="2019-02-01T07:47:38Z" finished-at="2019-02-01T07:47:39Z">
    <groups>
    </groups>
    <test name="Default test" duration-ms="937" started-at="2019-02-01T07:47:38Z" finished-at="2019-02-01T07:47:39Z">
      <class name="com.HttpClientDemo">
        <test-method status="PASS" signature="testbaidu()[pri:0, instance:com.com.HttpClientDemo@6d78f375]" name="testbaidu" duration-ms="910" started-at="2019-02-01T15:47:38Z" finished-at="2019-02-01T15:47:39Z">
          <reporter-output>
          </reporter-output>
        </test-method> <!-- testbaidu -->
      </class> <!-- HttpClientDemo -->
    </test> <!-- Default test -->
  </suite> <!-- Default suite -->
</testng-results>
